CRITICAL - 2023-12-01 14:15:46 --> The framework needs the following extension(s) installed and loaded: intl, mbstring.
in SYSTEMPATH\CodeIgniter.php on line 252.
 1 SYSTEMPATH\CodeIgniter.php(252): CodeIgniter\Exceptions\FrameworkException::forMissingExtension('intl, mbstring')
 2 SYSTEMPATH\CodeIgniter.php(214): CodeIgniter\CodeIgniter->resolvePlatformExtensions()
 3 ROOTPATH\spark(88): CodeIgniter\CodeIgniter->initialize()
CRITICAL - 2023-12-01 14:15:47 --> Uncaught Error: Class "Locale" not found in C:\Users\divin\Desktop\Ecole\DUTInfo\3e année\prog av\CV_CI4\system\I18n\TimeTrait.php:74
Stack trace:
#0 C:\Users\divin\Desktop\Ecole\DUTInfo\3e année\prog av\CV_CI4\system\I18n\TimeTrait.php(115): CodeIgniter\I18n\Time->__construct(NULL, NULL, NULL)
#1 C:\Users\divin\Desktop\Ecole\DUTInfo\3e année\prog av\CV_CI4\system\HTTP\ResponseTrait.php(468): CodeIgniter\I18n\Time::now()
#2 C:\Users\divin\Desktop\Ecole\DUTInfo\3e année\prog av\CV_CI4\system\HTTP\ResponseTrait.php(446): CodeIgniter\HTTP\Response->sendHeaders()
#3 C:\Users\divin\Desktop\Ecole\DUTInfo\3e année\prog av\CV_CI4\system\Debug\ExceptionHandler.php(81): CodeIgniter\HTTP\Response->send()
#4 C:\Users\divin\Desktop\Ecole\DUTInfo\3e année\prog av\CV_CI4\system\Debug\Exceptions.php(148): CodeIgniter\Debug\ExceptionHandler->handle(Object(CodeIgniter\Exceptions\FrameworkException), Object(CodeIgniter\HTTP\IncomingRequest), Object(CodeIgniter\HTTP\Response), 500, 1)
#5 [internal function]: CodeIgniter\Debug\Exceptions->exceptionHandler(Object(CodeIgniter\Exceptions\FrameworkException))
#6 {main}
  thrown
【Previous Exception】
CodeIgniter\Exceptions\FrameworkException
The framework needs the following extension(s) installed and loaded: intl, mbstring.
#0 C:\Users\divin\Desktop\Ecole\DUTInfo\3e année\prog av\CV_CI4\system\CodeIgniter.php(252): CodeIgniter\Exceptions\FrameworkException::forMissingExtension('intl, mbstring')
#1 C:\Users\divin\Desktop\Ecole\DUTInfo\3e année\prog av\CV_CI4\system\CodeIgniter.php(214): CodeIgniter\CodeIgniter->resolvePlatformExtensions()
#2 C:\Users\divin\Desktop\Ecole\DUTInfo\3e année\prog av\CV_CI4\spark(88): CodeIgniter\CodeIgniter->initialize()
#3 {main}
in SYSTEMPATH\I18n\TimeTrait.php on line 74.
 1 [internal function]: CodeIgniter\Debug\Exceptions->shutdownHandler()
CRITICAL - 2023-12-01 14:15:51 --> The framework needs the following extension(s) installed and loaded: intl, mbstring.
in SYSTEMPATH\CodeIgniter.php on line 252.
 1 SYSTEMPATH\CodeIgniter.php(252): CodeIgniter\Exceptions\FrameworkException::forMissingExtension('intl, mbstring')
 2 SYSTEMPATH\CodeIgniter.php(214): CodeIgniter\CodeIgniter->resolvePlatformExtensions()
 3 ROOTPATH\spark(88): CodeIgniter\CodeIgniter->initialize()
CRITICAL - 2023-12-01 14:15:51 --> Uncaught Error: Class "Locale" not found in C:\Users\divin\Desktop\Ecole\DUTInfo\3e année\prog av\CV_CI4\system\I18n\TimeTrait.php:74
Stack trace:
#0 C:\Users\divin\Desktop\Ecole\DUTInfo\3e année\prog av\CV_CI4\system\I18n\TimeTrait.php(115): CodeIgniter\I18n\Time->__construct(NULL, NULL, NULL)
#1 C:\Users\divin\Desktop\Ecole\DUTInfo\3e année\prog av\CV_CI4\system\HTTP\ResponseTrait.php(468): CodeIgniter\I18n\Time::now()
#2 C:\Users\divin\Desktop\Ecole\DUTInfo\3e année\prog av\CV_CI4\system\HTTP\ResponseTrait.php(446): CodeIgniter\HTTP\Response->sendHeaders()
#3 C:\Users\divin\Desktop\Ecole\DUTInfo\3e année\prog av\CV_CI4\system\Debug\ExceptionHandler.php(81): CodeIgniter\HTTP\Response->send()
#4 C:\Users\divin\Desktop\Ecole\DUTInfo\3e année\prog av\CV_CI4\system\Debug\Exceptions.php(148): CodeIgniter\Debug\ExceptionHandler->handle(Object(CodeIgniter\Exceptions\FrameworkException), Object(CodeIgniter\HTTP\IncomingRequest), Object(CodeIgniter\HTTP\Response), 500, 1)
#5 [internal function]: CodeIgniter\Debug\Exceptions->exceptionHandler(Object(CodeIgniter\Exceptions\FrameworkException))
#6 {main}
  thrown
【Previous Exception】
CodeIgniter\Exceptions\FrameworkException
The framework needs the following extension(s) installed and loaded: intl, mbstring.
#0 C:\Users\divin\Desktop\Ecole\DUTInfo\3e année\prog av\CV_CI4\system\CodeIgniter.php(252): CodeIgniter\Exceptions\FrameworkException::forMissingExtension('intl, mbstring')
#1 C:\Users\divin\Desktop\Ecole\DUTInfo\3e année\prog av\CV_CI4\system\CodeIgniter.php(214): CodeIgniter\CodeIgniter->resolvePlatformExtensions()
#2 C:\Users\divin\Desktop\Ecole\DUTInfo\3e année\prog av\CV_CI4\spark(88): CodeIgniter\CodeIgniter->initialize()
#3 {main}
in SYSTEMPATH\I18n\TimeTrait.php on line 74.
 1 [internal function]: CodeIgniter\Debug\Exceptions->shutdownHandler()
CRITICAL - 2023-12-01 16:11:11 --> The framework needs the following extension(s) installed and loaded: intl.
in SYSTEMPATH\CodeIgniter.php on line 252.
 1 SYSTEMPATH\CodeIgniter.php(252): CodeIgniter\Exceptions\FrameworkException::forMissingExtension()
 2 SYSTEMPATH\CodeIgniter.php(214): CodeIgniter\CodeIgniter->resolvePlatformExtensions()
 3 ROOTPATH\spark(88): CodeIgniter\CodeIgniter->initialize()
CRITICAL - 2023-12-01 16:11:11 --> Uncaught Error: Class "Locale" not found in C:\Users\divin\Desktop\Ecole\DUTInfo\3e année\prog av\CV_CI4\system\I18n\TimeTrait.php:74
Stack trace:
#0 C:\Users\divin\Desktop\Ecole\DUTInfo\3e année\prog av\CV_CI4\system\I18n\TimeTrait.php(115): CodeIgniter\I18n\Time->__construct()
#1 C:\Users\divin\Desktop\Ecole\DUTInfo\3e année\prog av\CV_CI4\system\HTTP\ResponseTrait.php(468): CodeIgniter\I18n\Time::now()
#2 C:\Users\divin\Desktop\Ecole\DUTInfo\3e année\prog av\CV_CI4\system\HTTP\ResponseTrait.php(446): CodeIgniter\HTTP\Response->sendHeaders()
#3 C:\Users\divin\Desktop\Ecole\DUTInfo\3e année\prog av\CV_CI4\system\Debug\ExceptionHandler.php(81): CodeIgniter\HTTP\Response->send()
#4 C:\Users\divin\Desktop\Ecole\DUTInfo\3e année\prog av\CV_CI4\system\Debug\Exceptions.php(148): CodeIgniter\Debug\ExceptionHandler->handle()
#5 [internal function]: CodeIgniter\Debug\Exceptions->exceptionHandler()
#6 {main}
  thrown
【Previous Exception】
CodeIgniter\Exceptions\FrameworkException
The framework needs the following extension(s) installed and loaded: intl.
#0 C:\Users\divin\Desktop\Ecole\DUTInfo\3e année\prog av\CV_CI4\system\CodeIgniter.php(252): CodeIgniter\Exceptions\FrameworkException::forMissingExtension()
#1 C:\Users\divin\Desktop\Ecole\DUTInfo\3e année\prog av\CV_CI4\system\CodeIgniter.php(214): CodeIgniter\CodeIgniter->resolvePlatformExtensions()
#2 C:\Users\divin\Desktop\Ecole\DUTInfo\3e année\prog av\CV_CI4\spark(88): CodeIgniter\CodeIgniter->initialize()
#3 {main}
in SYSTEMPATH\I18n\TimeTrait.php on line 74.
 1 [internal function]: CodeIgniter\Debug\Exceptions->shutdownHandler()
