CRITICAL - 2023-11-21 12:20:56 --> Call to undefined function form_open()
in APPPATH/Views/Moi.php on line 6.
 1 SYSTEMPATH/View/View.php(228): include()
 2 SYSTEMPATH/View/View.php(231): CodeIgniter\View\View->CodeIgniter\View\{closure}()
 3 SYSTEMPATH/Common.php(1190): CodeIgniter\View\View->render()
 4 APPPATH/Controllers/Moi.php(14): view()
 5 SYSTEMPATH/CodeIgniter.php(942): App\Controllers\Moi->index()
 6 SYSTEMPATH/CodeIgniter.php(502): CodeIgniter\CodeIgniter->runController()
 7 SYSTEMPATH/CodeIgniter.php(361): CodeIgniter\CodeIgniter->handleRequest()
 8 FCPATH/index.php(79): CodeIgniter\CodeIgniter->run()
 9 SYSTEMPATH/Commands/Server/rewrite.php(47): require_once('/home/etudiant/lr211215/TP/s5/r5.05_prog_avancee/framework/CV_CI4/public/index.php')
CRITICAL - 2023-11-21 12:21:00 --> Call to undefined function form_open()
in APPPATH/Views/Moi.php on line 6.
 1 SYSTEMPATH/View/View.php(228): include()
 2 SYSTEMPATH/View/View.php(231): CodeIgniter\View\View->CodeIgniter\View\{closure}()
 3 SYSTEMPATH/Common.php(1190): CodeIgniter\View\View->render()
 4 APPPATH/Controllers/Moi.php(14): view()
 5 SYSTEMPATH/CodeIgniter.php(942): App\Controllers\Moi->index()
 6 SYSTEMPATH/CodeIgniter.php(502): CodeIgniter\CodeIgniter->runController()
 7 SYSTEMPATH/CodeIgniter.php(361): CodeIgniter\CodeIgniter->handleRequest()
 8 FCPATH/index.php(79): CodeIgniter\CodeIgniter->run()
 9 SYSTEMPATH/Commands/Server/rewrite.php(47): require_once('/home/etudiant/lr211215/TP/s5/r5.05_prog_avancee/framework/CV_CI4/public/index.php')
